<?xml version="1.0" encoding="UTF-8"?>
<!-- Generated by org.testng.reporters.JUnitReportReporter -->
<testsuite hostname="AGI-LT-1137" failures="0" tests="1" name="Mavenproject.Mavenproject.testngclass" time="5.030" errors="0" timestamp="2021-09-24T08:36:56 IST" skipped="0">
  <testcase classname="Mavenproject.Mavenproject.testngclass" name="run" time="5.030"/>
  <system-out/>
</testsuite> <!-- Mavenproject.Mavenproject.testngclass -->
